[18-Dec-2020 20:27:19 UTC] PHP Notice:  Undefined variable: wpdb in /var/www/owenpalmer.com/htdocs/wp-content/plugins/ascii_snake/database.php on line 6
[18-Dec-2020 20:27:19 UTC] PHP Fatal error:  Uncaught Error: Call to a member function delete() on null in /var/www/owenpalmer.com/htdocs/wp-content/plugins/ascii_snake/database.php:6
Stack trace:
#0 {main}
  thrown in /var/www/owenpalmer.com/htdocs/wp-content/plugins/ascii_snake/database.php on line 6
[18-Dec-2020 20:27:24 UTC] PHP Notice:  Undefined variable: wpdb in /var/www/owenpalmer.com/htdocs/wp-content/plugins/ascii_snake/database.php on line 6
[18-Dec-2020 20:27:24 UTC] PHP Fatal error:  Uncaught Error: Call to a member function delete() on null in /var/www/owenpalmer.com/htdocs/wp-content/plugins/ascii_snake/database.php:6
Stack trace:
#0 {main}
  thrown in /var/www/owenpalmer.com/htdocs/wp-content/plugins/ascii_snake/database.php on line 6
[18-Dec-2020 20:27:36 UTC] PHP Notice:  Undefined variable: wpdb in /var/www/owenpalmer.com/htdocs/wp-content/plugins/ascii_snake/database.php on line 6
[18-Dec-2020 20:27:36 UTC] PHP Fatal error:  Uncaught Error: Call to a member function delete() on null in /var/www/owenpalmer.com/htdocs/wp-content/plugins/ascii_snake/database.php:6
Stack trace:
#0 {main}
  thrown in /var/www/owenpalmer.com/htdocs/wp-content/plugins/ascii_snake/database.php on line 6
[18-Dec-2020 20:27:36 UTC] PHP Notice:  Undefined variable: wpdb in /var/www/owenpalmer.com/htdocs/wp-content/plugins/ascii_snake/database.php on line 6
[18-Dec-2020 20:27:36 UTC] PHP Fatal error:  Uncaught Error: Call to a member function delete() on null in /var/www/owenpalmer.com/htdocs/wp-content/plugins/ascii_snake/database.php:6
Stack trace:
#0 {main}
  thrown in /var/www/owenpalmer.com/htdocs/wp-content/plugins/ascii_snake/database.php on line 6
[18-Dec-2020 20:27:36 UTC] PHP Notice:  Undefined variable: wpdb in /var/www/owenpalmer.com/htdocs/wp-content/plugins/ascii_snake/database.php on line 6
[18-Dec-2020 20:27:36 UTC] PHP Fatal error:  Uncaught Error: Call to a member function delete() on null in /var/www/owenpalmer.com/htdocs/wp-content/plugins/ascii_snake/database.php:6
Stack trace:
#0 {main}
  thrown in /var/www/owenpalmer.com/htdocs/wp-content/plugins/ascii_snake/database.php on line 6
[18-Dec-2020 20:27:37 UTC] PHP Notice:  Undefined variable: wpdb in /var/www/owenpalmer.com/htdocs/wp-content/plugins/ascii_snake/database.php on line 6
[18-Dec-2020 20:27:37 UTC] PHP Fatal error:  Uncaught Error: Call to a member function delete() on null in /var/www/owenpalmer.com/htdocs/wp-content/plugins/ascii_snake/database.php:6
Stack trace:
#0 {main}
  thrown in /var/www/owenpalmer.com/htdocs/wp-content/plugins/ascii_snake/database.php on line 6
[18-Dec-2020 20:27:37 UTC] PHP Notice:  Undefined variable: wpdb in /var/www/owenpalmer.com/htdocs/wp-content/plugins/ascii_snake/database.php on line 6
[18-Dec-2020 20:27:37 UTC] PHP Fatal error:  Uncaught Error: Call to a member function delete() on null in /var/www/owenpalmer.com/htdocs/wp-content/plugins/ascii_snake/database.php:6
Stack trace:
#0 {main}
  thrown in /var/www/owenpalmer.com/htdocs/wp-content/plugins/ascii_snake/database.php on line 6
[18-Dec-2020 20:27:37 UTC] PHP Notice:  Undefined variable: wpdb in /var/www/owenpalmer.com/htdocs/wp-content/plugins/ascii_snake/database.php on line 6
[18-Dec-2020 20:27:37 UTC] PHP Fatal error:  Uncaught Error: Call to a member function delete() on null in /var/www/owenpalmer.com/htdocs/wp-content/plugins/ascii_snake/database.php:6
Stack trace:
#0 {main}
  thrown in /var/www/owenpalmer.com/htdocs/wp-content/plugins/ascii_snake/database.php on line 6
[18-Dec-2020 20:27:37 UTC] PHP Notice:  Undefined variable: wpdb in /var/www/owenpalmer.com/htdocs/wp-content/plugins/ascii_snake/database.php on line 6
[18-Dec-2020 20:27:37 UTC] PHP Fatal error:  Uncaught Error: Call to a member function delete() on null in /var/www/owenpalmer.com/htdocs/wp-content/plugins/ascii_snake/database.php:6
Stack trace:
#0 {main}
  thrown in /var/www/owenpalmer.com/htdocs/wp-content/plugins/ascii_snake/database.php on line 6
[18-Dec-2020 20:27:38 UTC] PHP Notice:  Undefined variable: wpdb in /var/www/owenpalmer.com/htdocs/wp-content/plugins/ascii_snake/database.php on line 6
[18-Dec-2020 20:27:38 UTC] PHP Fatal error:  Uncaught Error: Call to a member function delete() on null in /var/www/owenpalmer.com/htdocs/wp-content/plugins/ascii_snake/database.php:6
Stack trace:
#0 {main}
  thrown in /var/www/owenpalmer.com/htdocs/wp-content/plugins/ascii_snake/database.php on line 6
[18-Dec-2020 20:27:39 UTC] PHP Notice:  Undefined variable: wpdb in /var/www/owenpalmer.com/htdocs/wp-content/plugins/ascii_snake/database.php on line 6
[18-Dec-2020 20:27:39 UTC] PHP Fatal error:  Uncaught Error: Call to a member function delete() on null in /var/www/owenpalmer.com/htdocs/wp-content/plugins/ascii_snake/database.php:6
Stack trace:
#0 {main}
  thrown in /var/www/owenpalmer.com/htdocs/wp-content/plugins/ascii_snake/database.php on line 6
[18-Dec-2020 20:27:39 UTC] PHP Notice:  Undefined variable: wpdb in /var/www/owenpalmer.com/htdocs/wp-content/plugins/ascii_snake/database.php on line 6
[18-Dec-2020 20:27:39 UTC] PHP Fatal error:  Uncaught Error: Call to a member function delete() on null in /var/www/owenpalmer.com/htdocs/wp-content/plugins/ascii_snake/database.php:6
Stack trace:
#0 {main}
  thrown in /var/www/owenpalmer.com/htdocs/wp-content/plugins/ascii_snake/database.php on line 6
[18-Dec-2020 20:27:39 UTC] PHP Notice:  Undefined variable: wpdb in /var/www/owenpalmer.com/htdocs/wp-content/plugins/ascii_snake/database.php on line 6
[18-Dec-2020 20:27:39 UTC] PHP Fatal error:  Uncaught Error: Call to a member function delete() on null in /var/www/owenpalmer.com/htdocs/wp-content/plugins/ascii_snake/database.php:6
Stack trace:
#0 {main}
  thrown in /var/www/owenpalmer.com/htdocs/wp-content/plugins/ascii_snake/database.php on line 6
[18-Dec-2020 20:31:34 UTC] PHP Notice:  Undefined variable: wpdb in /var/www/owenpalmer.com/htdocs/wp-content/plugins/ascii_snake/database.php on line 6
[18-Dec-2020 20:31:34 UTC] PHP Fatal error:  Uncaught Error: Call to a member function get_results() on null in /var/www/owenpalmer.com/htdocs/wp-content/plugins/ascii_snake/database.php:6
Stack trace:
#0 {main}
  thrown in /var/www/owenpalmer.com/htdocs/wp-content/plugins/ascii_snake/database.php on line 6
[18-Dec-2020 20:31:35 UTC] PHP Notice:  Undefined variable: wpdb in /var/www/owenpalmer.com/htdocs/wp-content/plugins/ascii_snake/database.php on line 6
[18-Dec-2020 20:31:35 UTC] PHP Fatal error:  Uncaught Error: Call to a member function get_results() on null in /var/www/owenpalmer.com/htdocs/wp-content/plugins/ascii_snake/database.php:6
Stack trace:
#0 {main}
  thrown in /var/www/owenpalmer.com/htdocs/wp-content/plugins/ascii_snake/database.php on line 6
[18-Dec-2020 20:31:36 UTC] PHP Notice:  Undefined variable: wpdb in /var/www/owenpalmer.com/htdocs/wp-content/plugins/ascii_snake/database.php on line 6
[18-Dec-2020 20:31:36 UTC] PHP Fatal error:  Uncaught Error: Call to a member function get_results() on null in /var/www/owenpalmer.com/htdocs/wp-content/plugins/ascii_snake/database.php:6
Stack trace:
#0 {main}
  thrown in /var/www/owenpalmer.com/htdocs/wp-content/plugins/ascii_snake/database.php on line 6
[18-Dec-2020 20:33:13 UTC] PHP Notice:  Undefined variable: wpdb in /var/www/owenpalmer.com/htdocs/wp-content/plugins/ascii_snake/database.php on line 6
[18-Dec-2020 20:33:13 UTC] PHP Fatal error:  Uncaught Error: Call to a member function get_results() on null in /var/www/owenpalmer.com/htdocs/wp-content/plugins/ascii_snake/database.php:6
Stack trace:
#0 {main}
  thrown in /var/www/owenpalmer.com/htdocs/wp-content/plugins/ascii_snake/database.php on line 6
[18-Dec-2020 20:33:14 UTC] PHP Notice:  Undefined variable: wpdb in /var/www/owenpalmer.com/htdocs/wp-content/plugins/ascii_snake/database.php on line 6
[18-Dec-2020 20:33:14 UTC] PHP Fatal error:  Uncaught Error: Call to a member function get_results() on null in /var/www/owenpalmer.com/htdocs/wp-content/plugins/ascii_snake/database.php:6
Stack trace:
#0 {main}
  thrown in /var/www/owenpalmer.com/htdocs/wp-content/plugins/ascii_snake/database.php on line 6
[18-Dec-2020 20:33:14 UTC] PHP Notice:  Undefined variable: wpdb in /var/www/owenpalmer.com/htdocs/wp-content/plugins/ascii_snake/database.php on line 6
[18-Dec-2020 20:33:14 UTC] PHP Fatal error:  Uncaught Error: Call to a member function get_results() on null in /var/www/owenpalmer.com/htdocs/wp-content/plugins/ascii_snake/database.php:6
Stack trace:
#0 {main}
  thrown in /var/www/owenpalmer.com/htdocs/wp-content/plugins/ascii_snake/database.php on line 6
[18-Dec-2020 20:33:14 UTC] PHP Notice:  Undefined variable: wpdb in /var/www/owenpalmer.com/htdocs/wp-content/plugins/ascii_snake/database.php on line 6
[18-Dec-2020 20:33:14 UTC] PHP Fatal error:  Uncaught Error: Call to a member function get_results() on null in /var/www/owenpalmer.com/htdocs/wp-content/plugins/ascii_snake/database.php:6
Stack trace:
#0 {main}
  thrown in /var/www/owenpalmer.com/htdocs/wp-content/plugins/ascii_snake/database.php on line 6
[18-Dec-2020 20:33:14 UTC] PHP Notice:  Undefined variable: wpdb in /var/www/owenpalmer.com/htdocs/wp-content/plugins/ascii_snake/database.php on line 6
[18-Dec-2020 20:33:14 UTC] PHP Fatal error:  Uncaught Error: Call to a member function get_results() on null in /var/www/owenpalmer.com/htdocs/wp-content/plugins/ascii_snake/database.php:6
Stack trace:
#0 {main}
  thrown in /var/www/owenpalmer.com/htdocs/wp-content/plugins/ascii_snake/database.php on line 6
[18-Dec-2020 20:33:15 UTC] PHP Notice:  Undefined variable: wpdb in /var/www/owenpalmer.com/htdocs/wp-content/plugins/ascii_snake/database.php on line 6
[18-Dec-2020 20:33:15 UTC] PHP Fatal error:  Uncaught Error: Call to a member function get_results() on null in /var/www/owenpalmer.com/htdocs/wp-content/plugins/ascii_snake/database.php:6
Stack trace:
#0 {main}
  thrown in /var/www/owenpalmer.com/htdocs/wp-content/plugins/ascii_snake/database.php on line 6
[18-Dec-2020 20:33:15 UTC] PHP Notice:  Undefined variable: wpdb in /var/www/owenpalmer.com/htdocs/wp-content/plugins/ascii_snake/database.php on line 6
[18-Dec-2020 20:33:15 UTC] PHP Fatal error:  Uncaught Error: Call to a member function get_results() on null in /var/www/owenpalmer.com/htdocs/wp-content/plugins/ascii_snake/database.php:6
Stack trace:
#0 {main}
  thrown in /var/www/owenpalmer.com/htdocs/wp-content/plugins/ascii_snake/database.php on line 6
[18-Dec-2020 20:33:16 UTC] PHP Notice:  Undefined variable: wpdb in /var/www/owenpalmer.com/htdocs/wp-content/plugins/ascii_snake/database.php on line 6
[18-Dec-2020 20:33:16 UTC] PHP Fatal error:  Uncaught Error: Call to a member function get_results() on null in /var/www/owenpalmer.com/htdocs/wp-content/plugins/ascii_snake/database.php:6
Stack trace:
#0 {main}
  thrown in /var/www/owenpalmer.com/htdocs/wp-content/plugins/ascii_snake/database.php on line 6
[18-Dec-2020 20:33:42 UTC] PHP Notice:  Undefined variable: wpdb in /var/www/owenpalmer.com/htdocs/wp-content/plugins/ascii_snake/database.php on line 6
[18-Dec-2020 20:33:42 UTC] PHP Fatal error:  Uncaught Error: Call to a member function get_results() on null in /var/www/owenpalmer.com/htdocs/wp-content/plugins/ascii_snake/database.php:6
Stack trace:
#0 {main}
  thrown in /var/www/owenpalmer.com/htdocs/wp-content/plugins/ascii_snake/database.php on line 6
[18-Dec-2020 20:33:43 UTC] PHP Notice:  Undefined variable: wpdb in /var/www/owenpalmer.com/htdocs/wp-content/plugins/ascii_snake/database.php on line 6
[18-Dec-2020 20:33:43 UTC] PHP Fatal error:  Uncaught Error: Call to a member function get_results() on null in /var/www/owenpalmer.com/htdocs/wp-content/plugins/ascii_snake/database.php:6
Stack trace:
#0 {main}
  thrown in /var/www/owenpalmer.com/htdocs/wp-content/plugins/ascii_snake/database.php on line 6
[18-Dec-2020 20:34:56 UTC] PHP Notice:  Undefined variable: wpdb in /var/www/owenpalmer.com/htdocs/wp-content/plugins/ascii_snake/database.php on line 6
[18-Dec-2020 20:34:56 UTC] PHP Fatal error:  Uncaught Error: Call to a member function get_results() on null in /var/www/owenpalmer.com/htdocs/wp-content/plugins/ascii_snake/database.php:6
Stack trace:
#0 {main}
  thrown in /var/www/owenpalmer.com/htdocs/wp-content/plugins/ascii_snake/database.php on line 6
[18-Dec-2020 20:34:57 UTC] PHP Notice:  Undefined variable: wpdb in /var/www/owenpalmer.com/htdocs/wp-content/plugins/ascii_snake/database.php on line 6
[18-Dec-2020 20:34:57 UTC] PHP Fatal error:  Uncaught Error: Call to a member function get_results() on null in /var/www/owenpalmer.com/htdocs/wp-content/plugins/ascii_snake/database.php:6
Stack trace:
#0 {main}
  thrown in /var/www/owenpalmer.com/htdocs/wp-content/plugins/ascii_snake/database.php on line 6
[18-Dec-2020 20:34:57 UTC] PHP Notice:  Undefined variable: wpdb in /var/www/owenpalmer.com/htdocs/wp-content/plugins/ascii_snake/database.php on line 6
[18-Dec-2020 20:34:57 UTC] PHP Fatal error:  Uncaught Error: Call to a member function get_results() on null in /var/www/owenpalmer.com/htdocs/wp-content/plugins/ascii_snake/database.php:6
Stack trace:
#0 {main}
  thrown in /var/www/owenpalmer.com/htdocs/wp-content/plugins/ascii_snake/database.php on line 6
[18-Dec-2020 20:34:58 UTC] PHP Notice:  Undefined variable: wpdb in /var/www/owenpalmer.com/htdocs/wp-content/plugins/ascii_snake/database.php on line 6
[18-Dec-2020 20:34:58 UTC] PHP Fatal error:  Uncaught Error: Call to a member function get_results() on null in /var/www/owenpalmer.com/htdocs/wp-content/plugins/ascii_snake/database.php:6
Stack trace:
#0 {main}
  thrown in /var/www/owenpalmer.com/htdocs/wp-content/plugins/ascii_snake/database.php on line 6
[18-Dec-2020 20:34:58 UTC] PHP Notice:  Undefined variable: wpdb in /var/www/owenpalmer.com/htdocs/wp-content/plugins/ascii_snake/database.php on line 6
[18-Dec-2020 20:34:58 UTC] PHP Fatal error:  Uncaught Error: Call to a member function get_results() on null in /var/www/owenpalmer.com/htdocs/wp-content/plugins/ascii_snake/database.php:6
Stack trace:
#0 {main}
  thrown in /var/www/owenpalmer.com/htdocs/wp-content/plugins/ascii_snake/database.php on line 6
[18-Dec-2020 20:34:58 UTC] PHP Notice:  Undefined variable: wpdb in /var/www/owenpalmer.com/htdocs/wp-content/plugins/ascii_snake/database.php on line 6
[18-Dec-2020 20:34:58 UTC] PHP Fatal error:  Uncaught Error: Call to a member function get_results() on null in /var/www/owenpalmer.com/htdocs/wp-content/plugins/ascii_snake/database.php:6
Stack trace:
#0 {main}
  thrown in /var/www/owenpalmer.com/htdocs/wp-content/plugins/ascii_snake/database.php on line 6
[18-Dec-2020 20:34:58 UTC] PHP Notice:  Undefined variable: wpdb in /var/www/owenpalmer.com/htdocs/wp-content/plugins/ascii_snake/database.php on line 6
[18-Dec-2020 20:34:58 UTC] PHP Fatal error:  Uncaught Error: Call to a member function get_results() on null in /var/www/owenpalmer.com/htdocs/wp-content/plugins/ascii_snake/database.php:6
Stack trace:
#0 {main}
  thrown in /var/www/owenpalmer.com/htdocs/wp-content/plugins/ascii_snake/database.php on line 6
[18-Dec-2020 20:48:46 UTC] PHP Parse error:  syntax error, unexpected '->' (T_OBJECT_OPERATOR) in /var/www/owenpalmer.com/htdocs/wp-content/plugins/ascii_snake/database.php on line 4
[18-Dec-2020 20:48:55 UTC] PHP Parse error:  syntax error, unexpected '->' (T_OBJECT_OPERATOR) in /var/www/owenpalmer.com/htdocs/wp-content/plugins/ascii_snake/database.php on line 4
[18-Dec-2020 20:50:22 UTC] PHP Notice:  Undefined variable: wpdb in /var/www/owenpalmer.com/htdocs/wp-content/plugins/ascii_snake/database.php on line 4
[18-Dec-2020 20:50:22 UTC] PHP Fatal error:  Uncaught Error: Call to a member function get_results() on null in /var/www/owenpalmer.com/htdocs/wp-content/plugins/ascii_snake/database.php:4
Stack trace:
#0 {main}
  thrown in /var/www/owenpalmer.com/htdocs/wp-content/plugins/ascii_snake/database.php on line 4
[18-Dec-2020 20:50:23 UTC] PHP Notice:  Undefined variable: wpdb in /var/www/owenpalmer.com/htdocs/wp-content/plugins/ascii_snake/database.php on line 4
[18-Dec-2020 20:50:23 UTC] PHP Fatal error:  Uncaught Error: Call to a member function get_results() on null in /var/www/owenpalmer.com/htdocs/wp-content/plugins/ascii_snake/database.php:4
Stack trace:
#0 {main}
  thrown in /var/www/owenpalmer.com/htdocs/wp-content/plugins/ascii_snake/database.php on line 4
[18-Dec-2020 20:50:23 UTC] PHP Notice:  Undefined variable: wpdb in /var/www/owenpalmer.com/htdocs/wp-content/plugins/ascii_snake/database.php on line 4
[18-Dec-2020 20:50:23 UTC] PHP Fatal error:  Uncaught Error: Call to a member function get_results() on null in /var/www/owenpalmer.com/htdocs/wp-content/plugins/ascii_snake/database.php:4
Stack trace:
#0 {main}
  thrown in /var/www/owenpalmer.com/htdocs/wp-content/plugins/ascii_snake/database.php on line 4
[18-Dec-2020 20:54:02 UTC] PHP Parse error:  syntax error, unexpected ',' in /var/www/owenpalmer.com/htdocs/wp-content/plugins/ascii_snake/database.php on line 8
[18-Dec-2020 20:54:03 UTC] PHP Parse error:  syntax error, unexpected ',' in /var/www/owenpalmer.com/htdocs/wp-content/plugins/ascii_snake/database.php on line 8
[18-Dec-2020 20:59:45 UTC] PHP Notice:  Undefined index: numbeer in /var/www/owenpalmer.com/htdocs/wp-content/plugins/ascii_snake/database.php on line 3
[18-Dec-2020 21:00:27 UTC] PHP Notice:  Undefined index: number in /var/www/owenpalmer.com/htdocs/wp-content/plugins/ascii_snake/database.php on line 2
[18-Dec-2020 21:00:42 UTC] PHP Notice:  Undefined index: number in /var/www/owenpalmer.com/htdocs/wp-content/plugins/ascii_snake/database.php on line 5
[18-Dec-2020 21:00:43 UTC] PHP Notice:  Undefined index: number in /var/www/owenpalmer.com/htdocs/wp-content/plugins/ascii_snake/database.php on line 5
[18-Dec-2020 21:01:47 UTC] PHP Notice:  Array to string conversion in /var/www/owenpalmer.com/htdocs/wp-content/plugins/ascii_snake/database.php on line 12
[18-Dec-2020 21:01:48 UTC] PHP Notice:  Array to string conversion in /var/www/owenpalmer.com/htdocs/wp-content/plugins/ascii_snake/database.php on line 12
[18-Dec-2020 21:01:49 UTC] PHP Notice:  Array to string conversion in /var/www/owenpalmer.com/htdocs/wp-content/plugins/ascii_snake/database.php on line 12
[18-Dec-2020 21:04:44 UTC] PHP Notice:  Undefined variable: wpdb in /var/www/owenpalmer.com/htdocs/wp-content/plugins/ascii_snake/database.php on line 9
[18-Dec-2020 21:04:44 UTC] PHP Fatal error:  Uncaught Error: Call to a member function get_results() on null in /var/www/owenpalmer.com/htdocs/wp-content/plugins/ascii_snake/database.php:9
Stack trace:
#0 {main}
  thrown in /var/www/owenpalmer.com/htdocs/wp-content/plugins/ascii_snake/database.php on line 9
[18-Dec-2020 21:05:01 UTC] PHP Notice:  Undefined variable: wpdb in /var/www/owenpalmer.com/htdocs/wp-content/plugins/ascii_snake/database.php on line 9
[18-Dec-2020 21:05:01 UTC] PHP Fatal error:  Uncaught Error: Call to a member function get_results() on null in /var/www/owenpalmer.com/htdocs/wp-content/plugins/ascii_snake/database.php:9
Stack trace:
#0 {main}
  thrown in /var/www/owenpalmer.com/htdocs/wp-content/plugins/ascii_snake/database.php on line 9
[18-Dec-2020 21:05:05 UTC] PHP Notice:  Undefined variable: wpdb in /var/www/owenpalmer.com/htdocs/wp-content/plugins/ascii_snake/database.php on line 9
[18-Dec-2020 21:05:05 UTC] PHP Fatal error:  Uncaught Error: Call to a member function get_results() on null in /var/www/owenpalmer.com/htdocs/wp-content/plugins/ascii_snake/database.php:9
Stack trace:
#0 {main}
  thrown in /var/www/owenpalmer.com/htdocs/wp-content/plugins/ascii_snake/database.php on line 9
[18-Dec-2020 21:05:05 UTC] PHP Notice:  Undefined variable: wpdb in /var/www/owenpalmer.com/htdocs/wp-content/plugins/ascii_snake/database.php on line 9
[18-Dec-2020 21:05:05 UTC] PHP Fatal error:  Uncaught Error: Call to a member function get_results() on null in /var/www/owenpalmer.com/htdocs/wp-content/plugins/ascii_snake/database.php:9
Stack trace:
#0 {main}
  thrown in /var/www/owenpalmer.com/htdocs/wp-content/plugins/ascii_snake/database.php on line 9
[18-Dec-2020 21:06:10 UTC] PHP Notice:  Undefined variable: wpdb in /var/www/owenpalmer.com/htdocs/wp-content/plugins/ascii_snake/database.php on line 8
[18-Dec-2020 21:06:10 UTC] PHP Fatal error:  Uncaught Error: Call to a member function get_results() on null in /var/www/owenpalmer.com/htdocs/wp-content/plugins/ascii_snake/database.php:8
Stack trace:
#0 {main}
  thrown in /var/www/owenpalmer.com/htdocs/wp-content/plugins/ascii_snake/database.php on line 8
[18-Dec-2020 21:06:11 UTC] PHP Notice:  Undefined variable: wpdb in /var/www/owenpalmer.com/htdocs/wp-content/plugins/ascii_snake/database.php on line 8
[18-Dec-2020 21:06:11 UTC] PHP Fatal error:  Uncaught Error: Call to a member function get_results() on null in /var/www/owenpalmer.com/htdocs/wp-content/plugins/ascii_snake/database.php:8
Stack trace:
#0 {main}
  thrown in /var/www/owenpalmer.com/htdocs/wp-content/plugins/ascii_snake/database.php on line 8
[18-Dec-2020 21:06:39 UTC] PHP Fatal error:  Uncaught Error: Call to a member function get_results() on null in /var/www/owenpalmer.com/htdocs/wp-content/plugins/ascii_snake/database.php:9
Stack trace:
#0 {main}
  thrown in /var/www/owenpalmer.com/htdocs/wp-content/plugins/ascii_snake/database.php on line 9
[18-Dec-2020 21:06:41 UTC] PHP Fatal error:  Uncaught Error: Call to a member function get_results() on null in /var/www/owenpalmer.com/htdocs/wp-content/plugins/ascii_snake/database.php:9
Stack trace:
#0 {main}
  thrown in /var/www/owenpalmer.com/htdocs/wp-content/plugins/ascii_snake/database.php on line 9
[18-Dec-2020 21:06:42 UTC] PHP Fatal error:  Uncaught Error: Call to a member function get_results() on null in /var/www/owenpalmer.com/htdocs/wp-content/plugins/ascii_snake/database.php:9
Stack trace:
#0 {main}
  thrown in /var/www/owenpalmer.com/htdocs/wp-content/plugins/ascii_snake/database.php on line 9
[18-Dec-2020 21:07:40 UTC] PHP Fatal error:  Uncaught Error: Call to a member function get_results() on null in /var/www/owenpalmer.com/htdocs/wp-content/plugins/ascii_snake/database.php:9
Stack trace:
#0 {main}
  thrown in /var/www/owenpalmer.com/htdocs/wp-content/plugins/ascii_snake/database.php on line 9
[18-Dec-2020 21:07:41 UTC] PHP Fatal error:  Uncaught Error: Call to a member function get_results() on null in /var/www/owenpalmer.com/htdocs/wp-content/plugins/ascii_snake/database.php:9
Stack trace:
#0 {main}
  thrown in /var/www/owenpalmer.com/htdocs/wp-content/plugins/ascii_snake/database.php on line 9
[18-Dec-2020 21:07:43 UTC] PHP Fatal error:  Uncaught Error: Call to a member function get_results() on null in /var/www/owenpalmer.com/htdocs/wp-content/plugins/ascii_snake/database.php:9
Stack trace:
#0 {main}
  thrown in /var/www/owenpalmer.com/htdocs/wp-content/plugins/ascii_snake/database.php on line 9
[18-Dec-2020 21:07:43 UTC] PHP Fatal error:  Uncaught Error: Call to a member function get_results() on null in /var/www/owenpalmer.com/htdocs/wp-content/plugins/ascii_snake/database.php:9
Stack trace:
#0 {main}
  thrown in /var/www/owenpalmer.com/htdocs/wp-content/plugins/ascii_snake/database.php on line 9
[18-Dec-2020 21:07:44 UTC] PHP Fatal error:  Uncaught Error: Call to a member function get_results() on null in /var/www/owenpalmer.com/htdocs/wp-content/plugins/ascii_snake/database.php:9
Stack trace:
#0 {main}
  thrown in /var/www/owenpalmer.com/htdocs/wp-content/plugins/ascii_snake/database.php on line 9
[18-Dec-2020 21:07:44 UTC] PHP Fatal error:  Uncaught Error: Call to a member function get_results() on null in /var/www/owenpalmer.com/htdocs/wp-content/plugins/ascii_snake/database.php:9
Stack trace:
#0 {main}
  thrown in /var/www/owenpalmer.com/htdocs/wp-content/plugins/ascii_snake/database.php on line 9
[18-Dec-2020 21:07:44 UTC] PHP Fatal error:  Uncaught Error: Call to a member function get_results() on null in /var/www/owenpalmer.com/htdocs/wp-content/plugins/ascii_snake/database.php:9
Stack trace:
#0 {main}
  thrown in /var/www/owenpalmer.com/htdocs/wp-content/plugins/ascii_snake/database.php on line 9
[18-Dec-2020 21:07:44 UTC] PHP Fatal error:  Uncaught Error: Call to a member function get_results() on null in /var/www/owenpalmer.com/htdocs/wp-content/plugins/ascii_snake/database.php:9
Stack trace:
#0 {main}
  thrown in /var/www/owenpalmer.com/htdocs/wp-content/plugins/ascii_snake/database.php on line 9
[18-Dec-2020 21:07:44 UTC] PHP Fatal error:  Uncaught Error: Call to a member function get_results() on null in /var/www/owenpalmer.com/htdocs/wp-content/plugins/ascii_snake/database.php:9
Stack trace:
#0 {main}
  thrown in /var/www/owenpalmer.com/htdocs/wp-content/plugins/ascii_snake/database.php on line 9
[18-Dec-2020 21:07:44 UTC] PHP Fatal error:  Uncaught Error: Call to a member function get_results() on null in /var/www/owenpalmer.com/htdocs/wp-content/plugins/ascii_snake/database.php:9
Stack trace:
#0 {main}
  thrown in /var/www/owenpalmer.com/htdocs/wp-content/plugins/ascii_snake/database.php on line 9
[18-Dec-2020 21:08:26 UTC] PHP Fatal error:  Uncaught Error: Call to a member function get_results() on null in /var/www/owenpalmer.com/htdocs/wp-content/plugins/ascii_snake/database.php:9
Stack trace:
#0 {main}
  thrown in /var/www/owenpalmer.com/htdocs/wp-content/plugins/ascii_snake/database.php on line 9
[18-Dec-2020 21:08:27 UTC] PHP Fatal error:  Uncaught Error: Call to a member function get_results() on null in /var/www/owenpalmer.com/htdocs/wp-content/plugins/ascii_snake/database.php:9
Stack trace:
#0 {main}
  thrown in /var/www/owenpalmer.com/htdocs/wp-content/plugins/ascii_snake/database.php on line 9
[18-Dec-2020 21:08:27 UTC] PHP Fatal error:  Uncaught Error: Call to a member function get_results() on null in /var/www/owenpalmer.com/htdocs/wp-content/plugins/ascii_snake/database.php:9
Stack trace:
#0 {main}
  thrown in /var/www/owenpalmer.com/htdocs/wp-content/plugins/ascii_snake/database.php on line 9
[18-Dec-2020 21:12:32 UTC] PHP Fatal error:  Uncaught Error: Call to a member function prepare() on null in /var/www/owenpalmer.com/htdocs/wp-content/plugins/ascii_snake/database.php:9
Stack trace:
#0 {main}
  thrown in /var/www/owenpalmer.com/htdocs/wp-content/plugins/ascii_snake/database.php on line 9
[18-Dec-2020 21:12:33 UTC] PHP Fatal error:  Uncaught Error: Call to a member function prepare() on null in /var/www/owenpalmer.com/htdocs/wp-content/plugins/ascii_snake/database.php:9
Stack trace:
#0 {main}
  thrown in /var/www/owenpalmer.com/htdocs/wp-content/plugins/ascii_snake/database.php on line 9
[18-Dec-2020 21:13:22 UTC] PHP Fatal error:  Uncaught Error: Call to a member function prepare() on null in /var/www/owenpalmer.com/htdocs/wp-content/plugins/ascii_snake/database.php:9
Stack trace:
#0 {main}
  thrown in /var/www/owenpalmer.com/htdocs/wp-content/plugins/ascii_snake/database.php on line 9
[18-Dec-2020 21:13:23 UTC] PHP Fatal error:  Uncaught Error: Call to a member function prepare() on null in /var/www/owenpalmer.com/htdocs/wp-content/plugins/ascii_snake/database.php:9
Stack trace:
#0 {main}
  thrown in /var/www/owenpalmer.com/htdocs/wp-content/plugins/ascii_snake/database.php on line 9
[18-Dec-2020 21:13:23 UTC] PHP Fatal error:  Uncaught Error: Call to a member function prepare() on null in /var/www/owenpalmer.com/htdocs/wp-content/plugins/ascii_snake/database.php:9
Stack trace:
#0 {main}
  thrown in /var/www/owenpalmer.com/htdocs/wp-content/plugins/ascii_snake/database.php on line 9
[18-Dec-2020 21:13:31 UTC] PHP Fatal error:  Uncaught Error: Call to a member function prepare() on null in /var/www/owenpalmer.com/htdocs/wp-content/plugins/ascii_snake/database.php:9
Stack trace:
#0 {main}
  thrown in /var/www/owenpalmer.com/htdocs/wp-content/plugins/ascii_snake/database.php on line 9
[18-Dec-2020 21:14:42 UTC] PHP Fatal error:  Uncaught Error: Call to a member function query() on null in /var/www/owenpalmer.com/htdocs/wp-content/plugins/ascii_snake/database.php:9
Stack trace:
#0 {main}
  thrown in /var/www/owenpalmer.com/htdocs/wp-content/plugins/ascii_snake/database.php on line 9
[18-Dec-2020 21:14:43 UTC] PHP Fatal error:  Uncaught Error: Call to a member function query() on null in /var/www/owenpalmer.com/htdocs/wp-content/plugins/ascii_snake/database.php:9
Stack trace:
#0 {main}
  thrown in /var/www/owenpalmer.com/htdocs/wp-content/plugins/ascii_snake/database.php on line 9
[18-Dec-2020 21:15:24 UTC] PHP Fatal error:  Uncaught Error: Call to a member function query() on null in /var/www/owenpalmer.com/htdocs/wp-content/plugins/ascii_snake/database.php:9
Stack trace:
#0 {main}
  thrown in /var/www/owenpalmer.com/htdocs/wp-content/plugins/ascii_snake/database.php on line 9
[18-Dec-2020 21:15:26 UTC] PHP Fatal error:  Uncaught Error: Call to a member function query() on null in /var/www/owenpalmer.com/htdocs/wp-content/plugins/ascii_snake/database.php:9
Stack trace:
#0 {main}
  thrown in /var/www/owenpalmer.com/htdocs/wp-content/plugins/ascii_snake/database.php on line 9
[18-Dec-2020 21:15:31 UTC] PHP Fatal error:  Uncaught Error: Call to a member function query() on null in /var/www/owenpalmer.com/htdocs/wp-content/plugins/ascii_snake/database.php:9
Stack trace:
#0 {main}
  thrown in /var/www/owenpalmer.com/htdocs/wp-content/plugins/ascii_snake/database.php on line 9
[18-Dec-2020 21:15:34 UTC] PHP Fatal error:  Uncaught Error: Call to a member function query() on null in /var/www/owenpalmer.com/htdocs/wp-content/plugins/ascii_snake/database.php:9
Stack trace:
#0 {main}
  thrown in /var/www/owenpalmer.com/htdocs/wp-content/plugins/ascii_snake/database.php on line 9
[18-Dec-2020 21:15:34 UTC] PHP Fatal error:  Uncaught Error: Call to a member function query() on null in /var/www/owenpalmer.com/htdocs/wp-content/plugins/ascii_snake/database.php:9
Stack trace:
#0 {main}
  thrown in /var/www/owenpalmer.com/htdocs/wp-content/plugins/ascii_snake/database.php on line 9
[18-Dec-2020 21:15:44 UTC] PHP Fatal error:  Uncaught Error: Call to a member function query() on null in /var/www/owenpalmer.com/htdocs/wp-content/plugins/ascii_snake/database.php:9
Stack trace:
#0 {main}
  thrown in /var/www/owenpalmer.com/htdocs/wp-content/plugins/ascii_snake/database.php on line 9
[18-Dec-2020 21:15:45 UTC] PHP Fatal error:  Uncaught Error: Call to a member function query() on null in /var/www/owenpalmer.com/htdocs/wp-content/plugins/ascii_snake/database.php:9
Stack trace:
#0 {main}
  thrown in /var/www/owenpalmer.com/htdocs/wp-content/plugins/ascii_snake/database.php on line 9
[18-Dec-2020 21:15:46 UTC] PHP Fatal error:  Uncaught Error: Call to a member function query() on null in /var/www/owenpalmer.com/htdocs/wp-content/plugins/ascii_snake/database.php:9
Stack trace:
#0 {main}
  thrown in /var/www/owenpalmer.com/htdocs/wp-content/plugins/ascii_snake/database.php on line 9
[18-Dec-2020 21:25:36 UTC] PHP Parse error:  syntax error, unexpected ';', expecting identifier (T_STRING) or variable (T_VARIABLE) or '{' or '$' in /var/www/owenpalmer.com/htdocs/wp-content/plugins/ascii_snake/database.php on line 10
[18-Dec-2020 21:25:36 UTC] PHP Parse error:  syntax error, unexpected ';', expecting identifier (T_STRING) or variable (T_VARIABLE) or '{' or '$' in /var/www/owenpalmer.com/htdocs/wp-content/plugins/ascii_snake/database.php on line 10
[18-Dec-2020 21:26:05 UTC] PHP Warning:  include_once(): https:// wrapper is disabled in the server configuration by allow_url_include=0 in /var/www/owenpalmer.com/htdocs/wp-content/plugins/ascii_snake/database.php on line 2
[18-Dec-2020 21:26:05 UTC] PHP Warning:  include_once(https://owenpalmer.com/wp-load.php): failed to open stream: no suitable wrapper could be found in /var/www/owenpalmer.com/htdocs/wp-content/plugins/ascii_snake/database.php on line 2
[18-Dec-2020 21:26:05 UTC] PHP Warning:  include_once(): Failed opening 'https://owenpalmer.com/wp-load.php' for inclusion (include_path='.:/usr/share/php') in /var/www/owenpalmer.com/htdocs/wp-content/plugins/ascii_snake/database.php on line 2
[18-Dec-2020 21:26:06 UTC] PHP Warning:  include_once(): https:// wrapper is disabled in the server configuration by allow_url_include=0 in /var/www/owenpalmer.com/htdocs/wp-content/plugins/ascii_snake/database.php on line 2
[18-Dec-2020 21:26:06 UTC] PHP Warning:  include_once(https://owenpalmer.com/wp-load.php): failed to open stream: no suitable wrapper could be found in /var/www/owenpalmer.com/htdocs/wp-content/plugins/ascii_snake/database.php on line 2
[18-Dec-2020 21:26:06 UTC] PHP Warning:  include_once(): Failed opening 'https://owenpalmer.com/wp-load.php' for inclusion (include_path='.:/usr/share/php') in /var/www/owenpalmer.com/htdocs/wp-content/plugins/ascii_snake/database.php on line 2
[18-Dec-2020 21:26:06 UTC] PHP Warning:  include_once(): https:// wrapper is disabled in the server configuration by allow_url_include=0 in /var/www/owenpalmer.com/htdocs/wp-content/plugins/ascii_snake/database.php on line 2
[18-Dec-2020 21:26:06 UTC] PHP Warning:  include_once(https://owenpalmer.com/wp-load.php): failed to open stream: no suitable wrapper could be found in /var/www/owenpalmer.com/htdocs/wp-content/plugins/ascii_snake/database.php on line 2
[18-Dec-2020 21:26:06 UTC] PHP Warning:  include_once(): Failed opening 'https://owenpalmer.com/wp-load.php' for inclusion (include_path='.:/usr/share/php') in /var/www/owenpalmer.com/htdocs/wp-content/plugins/ascii_snake/database.php on line 2
[18-Dec-2020 21:26:06 UTC] PHP Warning:  include_once(): https:// wrapper is disabled in the server configuration by allow_url_include=0 in /var/www/owenpalmer.com/htdocs/wp-content/plugins/ascii_snake/database.php on line 2
[18-Dec-2020 21:26:06 UTC] PHP Warning:  include_once(https://owenpalmer.com/wp-load.php): failed to open stream: no suitable wrapper could be found in /var/www/owenpalmer.com/htdocs/wp-content/plugins/ascii_snake/database.php on line 2
[18-Dec-2020 21:26:06 UTC] PHP Warning:  include_once(): Failed opening 'https://owenpalmer.com/wp-load.php' for inclusion (include_path='.:/usr/share/php') in /var/www/owenpalmer.com/htdocs/wp-content/plugins/ascii_snake/database.php on line 2
[18-Dec-2020 21:26:06 UTC] PHP Warning:  include_once(): https:// wrapper is disabled in the server configuration by allow_url_include=0 in /var/www/owenpalmer.com/htdocs/wp-content/plugins/ascii_snake/database.php on line 2
[18-Dec-2020 21:26:06 UTC] PHP Warning:  include_once(https://owenpalmer.com/wp-load.php): failed to open stream: no suitable wrapper could be found in /var/www/owenpalmer.com/htdocs/wp-content/plugins/ascii_snake/database.php on line 2
[18-Dec-2020 21:26:06 UTC] PHP Warning:  include_once(): Failed opening 'https://owenpalmer.com/wp-load.php' for inclusion (include_path='.:/usr/share/php') in /var/www/owenpalmer.com/htdocs/wp-content/plugins/ascii_snake/database.php on line 2
[18-Dec-2020 21:26:21 UTC] PHP Warning:  include_once(): https:// wrapper is disabled in the server configuration by allow_url_include=0 in /var/www/owenpalmer.com/htdocs/wp-content/plugins/ascii_snake/database.php on line 2
[18-Dec-2020 21:26:21 UTC] PHP Warning:  include_once(https://owenpalmer.com/wp-load.php): failed to open stream: no suitable wrapper could be found in /var/www/owenpalmer.com/htdocs/wp-content/plugins/ascii_snake/database.php on line 2
[18-Dec-2020 21:26:21 UTC] PHP Warning:  include_once(): Failed opening 'https://owenpalmer.com/wp-load.php' for inclusion (include_path='.:/usr/share/php') in /var/www/owenpalmer.com/htdocs/wp-content/plugins/ascii_snake/database.php on line 2
[18-Dec-2020 21:26:22 UTC] PHP Warning:  include_once(): https:// wrapper is disabled in the server configuration by allow_url_include=0 in /var/www/owenpalmer.com/htdocs/wp-content/plugins/ascii_snake/database.php on line 2
[18-Dec-2020 21:26:22 UTC] PHP Warning:  include_once(https://owenpalmer.com/wp-load.php): failed to open stream: no suitable wrapper could be found in /var/www/owenpalmer.com/htdocs/wp-content/plugins/ascii_snake/database.php on line 2
[18-Dec-2020 21:26:22 UTC] PHP Warning:  include_once(): Failed opening 'https://owenpalmer.com/wp-load.php' for inclusion (include_path='.:/usr/share/php') in /var/www/owenpalmer.com/htdocs/wp-content/plugins/ascii_snake/database.php on line 2
[18-Dec-2020 21:26:24 UTC] PHP Warning:  include_once(): https:// wrapper is disabled in the server configuration by allow_url_include=0 in /var/www/owenpalmer.com/htdocs/wp-content/plugins/ascii_snake/database.php on line 2
[18-Dec-2020 21:26:24 UTC] PHP Warning:  include_once(https://owenpalmer.com/wp-load.php): failed to open stream: no suitable wrapper could be found in /var/www/owenpalmer.com/htdocs/wp-content/plugins/ascii_snake/database.php on line 2
[18-Dec-2020 21:26:24 UTC] PHP Warning:  include_once(): Failed opening 'https://owenpalmer.com/wp-load.php' for inclusion (include_path='.:/usr/share/php') in /var/www/owenpalmer.com/htdocs/wp-content/plugins/ascii_snake/database.php on line 2
[18-Dec-2020 21:26:24 UTC] PHP Warning:  include_once(): https:// wrapper is disabled in the server configuration by allow_url_include=0 in /var/www/owenpalmer.com/htdocs/wp-content/plugins/ascii_snake/database.php on line 2
[18-Dec-2020 21:26:24 UTC] PHP Warning:  include_once(https://owenpalmer.com/wp-load.php): failed to open stream: no suitable wrapper could be found in /var/www/owenpalmer.com/htdocs/wp-content/plugins/ascii_snake/database.php on line 2
[18-Dec-2020 21:26:24 UTC] PHP Warning:  include_once(): Failed opening 'https://owenpalmer.com/wp-load.php' for inclusion (include_path='.:/usr/share/php') in /var/www/owenpalmer.com/htdocs/wp-content/plugins/ascii_snake/database.php on line 2
[18-Dec-2020 21:26:24 UTC] PHP Warning:  include_once(): https:// wrapper is disabled in the server configuration by allow_url_include=0 in /var/www/owenpalmer.com/htdocs/wp-content/plugins/ascii_snake/database.php on line 2
[18-Dec-2020 21:26:24 UTC] PHP Warning:  include_once(https://owenpalmer.com/wp-load.php): failed to open stream: no suitable wrapper could be found in /var/www/owenpalmer.com/htdocs/wp-content/plugins/ascii_snake/database.php on line 2
[18-Dec-2020 21:26:24 UTC] PHP Warning:  include_once(): Failed opening 'https://owenpalmer.com/wp-load.php' for inclusion (include_path='.:/usr/share/php') in /var/www/owenpalmer.com/htdocs/wp-content/plugins/ascii_snake/database.php on line 2
[18-Dec-2020 21:26:24 UTC] PHP Warning:  include_once(): https:// wrapper is disabled in the server configuration by allow_url_include=0 in /var/www/owenpalmer.com/htdocs/wp-content/plugins/ascii_snake/database.php on line 2
[18-Dec-2020 21:26:24 UTC] PHP Warning:  include_once(https://owenpalmer.com/wp-load.php): failed to open stream: no suitable wrapper could be found in /var/www/owenpalmer.com/htdocs/wp-content/plugins/ascii_snake/database.php on line 2
[18-Dec-2020 21:26:24 UTC] PHP Warning:  include_once(): Failed opening 'https://owenpalmer.com/wp-load.php' for inclusion (include_path='.:/usr/share/php') in /var/www/owenpalmer.com/htdocs/wp-content/plugins/ascii_snake/database.php on line 2
[18-Dec-2020 21:26:24 UTC] PHP Warning:  include_once(): https:// wrapper is disabled in the server configuration by allow_url_include=0 in /var/www/owenpalmer.com/htdocs/wp-content/plugins/ascii_snake/database.php on line 2
[18-Dec-2020 21:26:24 UTC] PHP Warning:  include_once(https://owenpalmer.com/wp-load.php): failed to open stream: no suitable wrapper could be found in /var/www/owenpalmer.com/htdocs/wp-content/plugins/ascii_snake/database.php on line 2
[18-Dec-2020 21:26:24 UTC] PHP Warning:  include_once(): Failed opening 'https://owenpalmer.com/wp-load.php' for inclusion (include_path='.:/usr/share/php') in /var/www/owenpalmer.com/htdocs/wp-content/plugins/ascii_snake/database.php on line 2
[18-Dec-2020 21:26:53 UTC] PHP Warning:  require_once(): https:// wrapper is disabled in the server configuration by allow_url_include=0 in /var/www/owenpalmer.com/htdocs/wp-content/plugins/ascii_snake/database.php on line 2
[18-Dec-2020 21:26:53 UTC] PHP Warning:  require_once(https://owenpalmer.com/wp-load.php): failed to open stream: no suitable wrapper could be found in /var/www/owenpalmer.com/htdocs/wp-content/plugins/ascii_snake/database.php on line 2
[18-Dec-2020 21:26:53 UTC] PHP Fatal error:  require_once(): Failed opening required 'https://owenpalmer.com/wp-load.php' (include_path='.:/usr/share/php') in /var/www/owenpalmer.com/htdocs/wp-content/plugins/ascii_snake/database.php on line 2
[18-Dec-2020 21:26:55 UTC] PHP Warning:  require_once(): https:// wrapper is disabled in the server configuration by allow_url_include=0 in /var/www/owenpalmer.com/htdocs/wp-content/plugins/ascii_snake/database.php on line 2
[18-Dec-2020 21:26:55 UTC] PHP Warning:  require_once(https://owenpalmer.com/wp-load.php): failed to open stream: no suitable wrapper could be found in /var/www/owenpalmer.com/htdocs/wp-content/plugins/ascii_snake/database.php on line 2
[18-Dec-2020 21:26:55 UTC] PHP Fatal error:  require_once(): Failed opening required 'https://owenpalmer.com/wp-load.php' (include_path='.:/usr/share/php') in /var/www/owenpalmer.com/htdocs/wp-content/plugins/ascii_snake/database.php on line 2
[18-Dec-2020 21:28:53 UTC] PHP Warning:  require_once(): https:// wrapper is disabled in the server configuration by allow_url_include=0 in /var/www/owenpalmer.com/htdocs/wp-content/plugins/ascii_snake/database.php on line 2
[18-Dec-2020 21:28:53 UTC] PHP Warning:  require_once(https://owenpalmer.com/wp-load.php): failed to open stream: no suitable wrapper could be found in /var/www/owenpalmer.com/htdocs/wp-content/plugins/ascii_snake/database.php on line 2
[18-Dec-2020 21:28:53 UTC] PHP Fatal error:  require_once(): Failed opening required 'https://owenpalmer.com/wp-load.php' (include_path='.:/usr/share/php') in /var/www/owenpalmer.com/htdocs/wp-content/plugins/ascii_snake/database.php on line 2
[18-Dec-2020 21:28:53 UTC] PHP Warning:  require_once(): https:// wrapper is disabled in the server configuration by allow_url_include=0 in /var/www/owenpalmer.com/htdocs/wp-content/plugins/ascii_snake/database.php on line 2
[18-Dec-2020 21:28:53 UTC] PHP Warning:  require_once(https://owenpalmer.com/wp-load.php): failed to open stream: no suitable wrapper could be found in /var/www/owenpalmer.com/htdocs/wp-content/plugins/ascii_snake/database.php on line 2
[18-Dec-2020 21:28:53 UTC] PHP Fatal error:  require_once(): Failed opening required 'https://owenpalmer.com/wp-load.php' (include_path='.:/usr/share/php') in /var/www/owenpalmer.com/htdocs/wp-content/plugins/ascii_snake/database.php on line 2
[18-Dec-2020 21:29:43 UTC] PHP Warning:  require_once(): https:// wrapper is disabled in the server configuration by allow_url_include=0 in /var/www/owenpalmer.com/htdocs/wp-content/plugins/ascii_snake/database.php on line 2
[18-Dec-2020 21:29:43 UTC] PHP Warning:  require_once(https://owenpalmer.com/wp-load.php): failed to open stream: no suitable wrapper could be found in /var/www/owenpalmer.com/htdocs/wp-content/plugins/ascii_snake/database.php on line 2
[18-Dec-2020 21:29:43 UTC] PHP Fatal error:  require_once(): Failed opening required 'https://owenpalmer.com/wp-load.php' (include_path='.:/usr/share/php') in /var/www/owenpalmer.com/htdocs/wp-content/plugins/ascii_snake/database.php on line 2
[18-Dec-2020 21:29:44 UTC] PHP Warning:  require_once(): https:// wrapper is disabled in the server configuration by allow_url_include=0 in /var/www/owenpalmer.com/htdocs/wp-content/plugins/ascii_snake/database.php on line 2
[18-Dec-2020 21:29:44 UTC] PHP Warning:  require_once(https://owenpalmer.com/wp-load.php): failed to open stream: no suitable wrapper could be found in /var/www/owenpalmer.com/htdocs/wp-content/plugins/ascii_snake/database.php on line 2
[18-Dec-2020 21:29:44 UTC] PHP Fatal error:  require_once(): Failed opening required 'https://owenpalmer.com/wp-load.php' (include_path='.:/usr/share/php') in /var/www/owenpalmer.com/htdocs/wp-content/plugins/ascii_snake/database.php on line 2
[18-Dec-2020 21:29:44 UTC] PHP Warning:  require_once(): https:// wrapper is disabled in the server configuration by allow_url_include=0 in /var/www/owenpalmer.com/htdocs/wp-content/plugins/ascii_snake/database.php on line 2
[18-Dec-2020 21:29:44 UTC] PHP Warning:  require_once(https://owenpalmer.com/wp-load.php): failed to open stream: no suitable wrapper could be found in /var/www/owenpalmer.com/htdocs/wp-content/plugins/ascii_snake/database.php on line 2
[18-Dec-2020 21:29:44 UTC] PHP Fatal error:  require_once(): Failed opening required 'https://owenpalmer.com/wp-load.php' (include_path='.:/usr/share/php') in /var/www/owenpalmer.com/htdocs/wp-content/plugins/ascii_snake/database.php on line 2
[18-Dec-2020 21:30:47 UTC] PHP Warning:  require_once(): https:// wrapper is disabled in the server configuration by allow_url_include=0 in /var/www/owenpalmer.com/htdocs/wp-content/plugins/ascii_snake/database.php on line 2
[18-Dec-2020 21:30:47 UTC] PHP Warning:  require_once(https://owenpalmer.com/wp-load.php): failed to open stream: no suitable wrapper could be found in /var/www/owenpalmer.com/htdocs/wp-content/plugins/ascii_snake/database.php on line 2
[18-Dec-2020 21:30:47 UTC] PHP Fatal error:  require_once(): Failed opening required 'https://owenpalmer.com/wp-load.php' (include_path='.:/usr/share/php') in /var/www/owenpalmer.com/htdocs/wp-content/plugins/ascii_snake/database.php on line 2
[22-Dec-2020 18:34:48 UTC] PHP Parse error:  syntax error, unexpected 'echo' (T_ECHO) in /var/www/owenpalmer.com/htdocs/wp-content/plugins/ascii_snake/database.php on line 13
[22-Dec-2020 18:34:51 UTC] PHP Parse error:  syntax error, unexpected 'echo' (T_ECHO) in /var/www/owenpalmer.com/htdocs/wp-content/plugins/ascii_snake/database.php on line 13
